[debug] [2017-06-06T16:54:53.958Z] ----------------------------------------------------------------------
[debug] [2017-06-06T16:54:53.960Z] Command:      /usr/bin/nodejs /usr/bin/firebase login --no-localhost
[debug] [2017-06-06T16:54:53.960Z] CLI Version:  3.9.1
[debug] [2017-06-06T16:54:53.960Z] Platform:     linux
[debug] [2017-06-06T16:54:53.960Z] Node Version: v8.0.0
[debug] [2017-06-06T16:54:53.960Z] Time:         Tue Jun 06 2017 16:54:53 GMT+0000 (UTC)
[debug] [2017-06-06T16:54:53.960Z] ----------------------------------------------------------------------
[debug] 
[info] 
[info] Visit this URL on any device to log in:
[info] https://accounts.google.com/o/oauth2/auth?client_id=563584335869-fgrhgmd47bqnekij5i8b5pr03ho849e6.apps.googleusercontent.com&scope=email%20openid%20https%3A%2F%2Fwww.googleapis.com%2Fauth%2Fcloudplatformprojects.readonly%20https%3A%2F%2Fwww.googleapis.com%2Fauth%2Ffirebase%20https%3A%2F%2Fwww.googleapis.com%2Fauth%2Fcloud-platform&response_type=code&state=78198945&redirect_uri=urn%3Aietf%3Awg%3Aoauth%3A2.0%3Aoob
[info] 
[debug] [2017-06-06T16:55:26.362Z] >>> HTTP REQUEST POST https://accounts.google.com/o/oauth2/token { code: '4/YdC2tGHILPK-vmhBAA0K3r3sT6tFlS7GtGq89OJqzHw',
  client_id: '563584335869-fgrhgmd47bqnekij5i8b5pr03ho849e6.apps.googleusercontent.com',
  client_secret: 'j9iVZfS8kkCEFUPaAeJV0sAi',
  redirect_uri: 'urn:ietf:wg:oauth:2.0:oob',
  grant_type: 'authorization_code' } 
 Tue Jun 06 2017 16:55:26 GMT+0000 (UTC)
[debug] [2017-06-06T16:55:26.604Z] <<< HTTP RESPONSE 200
[info] 
[info] ✔  Success! Logged in as elinberg@gmail.com
[debug] [2017-06-06T16:55:43.611Z] ----------------------------------------------------------------------
[debug] [2017-06-06T16:55:43.613Z] Command:      /usr/bin/nodejs /usr/bin/firebase deploy
[debug] [2017-06-06T16:55:43.614Z] CLI Version:  3.9.1
[debug] [2017-06-06T16:55:43.614Z] Platform:     linux
[debug] [2017-06-06T16:55:43.614Z] Node Version: v8.0.0
[debug] [2017-06-06T16:55:43.614Z] Time:         Tue Jun 06 2017 16:55:43 GMT+0000 (UTC)
[debug] [2017-06-06T16:55:43.614Z] ----------------------------------------------------------------------
[debug] 
[debug] [2017-06-06T16:55:43.634Z] > command requires scopes: ["email","openid","https://www.googleapis.com/auth/cloudplatformprojects.readonly","https://www.googleapis.com/auth/firebase","https://www.googleapis.com/auth/cloud-platform"]
[debug] [2017-06-06T16:55:43.634Z] > authorizing via signed-in user
[debug] [2017-06-06T16:55:43.637Z] > refreshing access token with scopes: ["email","https://www.googleapis.com/auth/cloud-platform","https://www.googleapis.com/auth/cloudplatformprojects.readonly","https://www.googleapis.com/auth/firebase","openid"]
[debug] [2017-06-06T16:55:43.638Z] >>> HTTP REQUEST POST https://www.googleapis.com/oauth2/v3/token { refresh_token: '1/debQHcG_NVWY8SiHe_slxAQejt2ocwFIvlBbVRZluVY',
  client_id: '563584335869-fgrhgmd47bqnekij5i8b5pr03ho849e6.apps.googleusercontent.com',
  client_secret: 'j9iVZfS8kkCEFUPaAeJV0sAi',
  grant_type: 'refresh_token',
  scope: 'email https://www.googleapis.com/auth/cloud-platform https://www.googleapis.com/auth/cloudplatformprojects.readonly https://www.googleapis.com/auth/firebase openid' } 
 Tue Jun 06 2017 16:55:43 GMT+0000 (UTC)
[debug] [2017-06-06T16:55:43.818Z] <<< HTTP RESPONSE 200
[debug] [2017-06-06T16:55:43.820Z] >>> HTTP REQUEST GET https://admin.firebase.com/v1/projects/cryptotrade-e6228  
 Tue Jun 06 2017 16:55:43 GMT+0000 (UTC)
[debug] [2017-06-06T16:55:44.462Z] <<< HTTP RESPONSE 200
[debug] [2017-06-06T16:55:44.463Z] >>> HTTP REQUEST GET https://admin.firebase.com/v1/database/cryptotrade-e6228/tokens  
 Tue Jun 06 2017 16:55:44 GMT+0000 (UTC)
[debug] [2017-06-06T16:55:45.058Z] <<< HTTP RESPONSE 200
[info] 
[info] === Deploying to 'cryptotrade-e6228'...
[info] 
[info] i  deploying hosting
[info] i  hosting: preparing public directory for upload...
[debug] [2017-06-06T16:55:45.753Z] >>> HTTP REQUEST PUT https://deploy.firebase.com/v1/hosting/cryptotrade-e6228/uploads/-KlyKLc77B3wbm-2hwBE?fileCount=11&message=  
 Tue Jun 06 2017 16:55:45 GMT+0000 (UTC)
[debug] [2017-06-06T16:55:46.584Z] <<< HTTP RESPONSE 200
[debug] [2017-06-06T16:55:46.584Z] [hosting] .tgz uploaded successfully, waiting for extraction
[info] ✔  hosting: 11 files uploaded successfully
[info] i  starting release process (may take several minutes)...
[debug] [2017-06-06T16:55:48.645Z] >>> HTTP REQUEST POST https://deploy.firebase.com/v1/projects/cryptotrade-e6228/releases { hosting: 
   { public: 'public',
     ignore: [ 'firebase.json', '**/.*', '**/node_modules/**' ],
     version: '-KlyKLc77B3wbm-2hwBE',
     prefix: '-KlyKLc77B3wbm-2hwBE/',
     manifest: [] } } 
 Tue Jun 06 2017 16:55:48 GMT+0000 (UTC)
[debug] [2017-06-06T16:55:49.272Z] <<< HTTP RESPONSE 200
[info] 
[info] ✔  Deploy complete!
[info] 
[info] Project Console: https://console.firebase.google.com/project/cryptotrade-e6228/overview
[info] Hosting URL: https://cryptotrade-e6228.firebaseapp.com
